Started executor service
Total mails downloaded0
Executor service is shutted down
Sorry connection was lost
Sorry connection was lost
http://localhost:8080/mod_mbox/maven-users/
Sorry connection was lost
http://localhost:8080/mod_mbox/maven-users/
Sorry connection was lost
http://localhost:8080/mod_mbox/maven-users/
Sorry connection was lost
http://localhost:8080/mod_mbox/maven-users/
Sorry connection was lost
http://localhost:8080/mod_mbox/maven-users/
Sorry connection was lost
http://localhost:8080/mod_mbox/maven-users/
Sorry connection was lost
http://localhost:8080/mod_mbox/maven-users/
Sorry connection was lost
http://localhost:8080/mod_mbox/maven-users/
Sorry connection was lost
http://localhost:8080/mod_mbox/maven-users/
Sorry connection was lost
http://localhost:8080/mod_mbox/maven-users/
Sorry connection was lost
http://localhost:8080/mod_mbox/maven-users/
Sorry connection was lost
http://mail-archives.apache.org/mod_mbox/maven-users/
Started executor service
http://mail-archives.apache.org/mod_mbox/maven-users/201411.mbox/date?1
http://mail-archives.apache.org/mod_mbox/maven-users/201409.mbox/date?1
http://mail-archives.apache.org/mod_mbox/maven-users/201409.mbox/date?2
http://mail-archives.apache.org/mod_mbox/maven-users/201404.mbox/date?2
http://mail-archives.apache.org/mod_mbox/maven-users/201402.mbox/date?3
http://mail-archives.apache.org/mod_mbox/maven-users/201402.mbox/date?2
http://mail-archives.apache.org/mod_mbox/maven-users/201407.mbox/date?2
http://mail-archives.apache.org/mod_mbox/maven-users/201402.mbox/date?1
http://mail-archives.apache.org/mod_mbox/maven-users/201407.mbox/date?1
http://mail-archives.apache.org/mod_mbox/maven-users/201403.mbox/date?3
http://mail-archives.apache.org/mod_mbox/maven-users/201411.mbox/date?2
http://mail-archives.apache.org/mod_mbox/maven-users/201403.mbox/date?2
http://mail-archives.apache.org/mod_mbox/maven-users/201403.mbox/date?1
http://mail-archives.apache.org/mod_mbox/maven-users/201404.mbox/date?1
http://mail-archives.apache.org/mod_mbox/maven-users/201401.mbox/date?2
http://mail-archives.apache.org/mod_mbox/maven-users/201401.mbox/date?1
http://mail-archives.apache.org/mod_mbox/maven-users/201401.mbox/date?4
http://mail-archives.apache.org/mod_mbox/maven-users/201401.mbox/date?3
http://mail-archives.apache.org/mod_mbox/maven-users/
http://mail-archives.apache.org/mod_mbox/maven-users/201406.mbox/date?1
http://mail-archives.apache.org/mod_mbox/maven-users/201406.mbox/date?2
http://mail-archives.apache.org/mod_mbox/maven-users/201410.mbox/date?1
http://mail-archives.apache.org/mod_mbox/maven-users/201410.mbox/date?2
http://mail-archives.apache.org/mod_mbox/maven-users/201408.mbox/date?2
http://mail-archives.apache.org/mod_mbox/maven-users/201412.mbox/date?1
http://mail-archives.apache.org/mod_mbox/maven-users/201405.mbox/date?1
http://mail-archives.apache.org/mod_mbox/maven-users/201412.mbox/date?2
http://mail-archives.apache.org/mod_mbox/maven-users/201408.mbox/date?1
0
http://mail-archives.apache.org/mod_mbox/maven-users/
Started executor service
0
http://mail-archives.apache.org/mod_mbox/maven-users/
Started executor service
0
http://mail-archives.apache.org/mod_mbox/maven-users/
Started executor service
0
http://mail-archives.apache.org/mod_mbox/maven-users/
Started executor service
0
http://mail-archives.apache.org/mod_mbox/maven-users/
Started executor service
http://mail-archives.apache.org/mod_mbox/maven-users/
Started executor service
http://mail-archives.apache.org/mod_mbox/maven-users/
Started executor service
http://mail-archives.apache.org/mod_mbox/maven-users/
Started executor service
http://mail-archives.apache.org/mod_mbox/maven-users/
Started executor service
http://mail-archives.apache.org/mod_mbox/maven-users/
Started executor service
http://mail-archives.apache.org/mod_mbox/maven-users/
Started executor service
http://mail-archives.apache.org/mod_mbox/maven-users/
Started executor service
http://mail-archives.apache.org/mod_mbox/maven-users/
Started executor service
http://mail-archives.apache.org/mod_mbox/maven-users/
Started executor service

http://mail-archives.apache.org/mod_mbox/maven-users/
Started executor service
http://mail-archives.apache.org/mod_mbox/maven-users/
Started executor service
http://mail-archives.apache.org/mod_mbox/maven-users/
Started executor service
http://mail-archives.apache.org/mod_mbox/maven-users/
Started executor service
http://mail-archives.apache.org/mod_mbox/maven-users/
Started executor service
http://mail-archives.apache.org/mod_mbox/maven-users/
Started executor service
http://mail-archives.apache.org/mod_mbox/maven-users/
Started executor service
http://mail-archives.apache.org/mod_mbox/maven-users/
Started executor service
http://mail-archives.apache.org/mod_mbox/maven-users/
http://mail-archives.apache.org/mod_mbox/maven-users/
http://mail-archives.apache.org/mod_mbox/maven-users/
http://mail-archives.apache.org/mod_mbox/maven-users/
http://mail-archives.apache.org/mod_mbox/maven-users/
http://mail-archives.apache.org/mod_mbox/maven-users/
http://mail-archives.apache.org/mod_mbox/maven-users/
http://mail-archives.apache.org/mod_mbox/maven-users/

http://mail-archives.apache.org/mod_mbox/maven-users/
http://mail-archives.apache.org/mod_mbox/maven-users/
http://mail-archives.apache.org/mod_mbox/maven-users/
